https://www.youtube.com/shorts/lNrlKYJMJGw
https://www.youtube.com/shorts/2sM7YFC87j0
https://www.youtube.com/shorts/EpfKMHK612Q
https://www.youtube.com/shorts/_SAia9JqR94
https://www.youtube.com/shorts/bQibJCW_OOE
https://www.youtube.com/shorts/EpfKMHK612Q
https://www.youtube.com/shorts/lNrlKYJMJGw
https://www.youtube.com/shorts/EpfKMHK612Q
https://www.youtube.com/shorts/nP4Nr5egyoQ
https://www.youtube.com/shorts/nP4Nr5egyoQ
https://www.youtube.com/shorts/UssOUYIJNTg
https://www.youtube.com/shorts/nP4Nr5egyoQ
https://www.youtube.com/shorts/AAqtDIdZvfk
https://www.youtube.com/shorts/AAqtDIdZvfk
https://www.youtube.com/shorts/AAqtDIdZvfk
https://www.youtube.com/shorts/bj2EZbyXtWE
https://www.youtube.com/shorts/bj2EZbyXtWE
https://www.youtube.com/shorts/78ZDPlwfbbE
https://www.youtube.com/shorts/AAqtDIdZvfk
https://www.youtube.com/shorts/bj2EZbyXtWE
https://www.youtube.com/shorts/78ZDPlwfbbE
https://www.youtube.com/shorts/aPL9xfAuHB4
https://www.youtube.com/shorts/AWE4mKtMK1U
https://www.youtube.com/shorts/HkghV21tzuQ
https://www.youtube.com/shorts/BGLG-cZirkM
https://www.youtube.com/shorts/NJNBiaRVg8A
https://www.youtube.com/shorts/4vGdjmeMM-A
https://www.youtube.com/shorts/6AjjrmAkdso
https://www.youtube.com/shorts/6AjjrmAkdso
https://www.youtube.com/shorts/4vGdjmeMM-A
https://www.youtube.com/shorts/NJNBiaRVg8A
https://www.youtube.com/shorts/BGLG-cZirkM
https://www.youtube.com/shorts/HkghV21tzuQ
https://www.youtube.com/shorts/AWE4mKtMK1U
https://www.youtube.com/shorts/78ZDPlwfbbE
https://www.youtube.com/shorts/AWE4mKtMK1U
https://www.youtube.com/shorts/78ZDPlwfbbE
https://www.youtube.com/shorts/6AjjrmAkdso
https://www.youtube.com/shorts/4vGdjmeMM-A
https://www.youtube.com/shorts/78ZDPlwfbbE
https://www.youtube.com/shorts/6AjjrmAkdso
https://www.youtube.com/shorts/6AjjrmAkdso
https://www.youtube.com/shorts/6AjjrmAkdso
https://www.youtube.com/shorts/4vGdjmeMM-A
https://www.youtube.com/shorts/6AjjrmAkdso
https://www.youtube.com/shorts/4vGdjmeMM-A
https://www.youtube.com/shorts/78ZDPlwfbbE
https://www.youtube.com/shorts/NJNBiaRVg8A
https://www.youtube.com/shorts/nP4Nr5egyoQ
https://www.youtube.com/shorts/6AjjrmAkdso
https://www.youtube.com/shorts/4vGdjmeMM-A
https://www.youtube.com/shorts/6AjjrmAkdso
https://www.youtube.com/shorts/6AjjrmAkdso
https://www.youtube.com/shorts/4vGdjmeMM-A
